generation fitness [individuals seen]
0 56195871.0 ['M115']
1 61326410.0 ['M115']
2 68003483.0 ['M115']
3 68292221.5 ['M115']
4 72859906.0 ['M115']
5 72859906.0 ['M115']
6 78270771.5 ['M115']
7 78270771.5 ['M115']
8 78270771.5 ['M115']
9 79803833.0 ['M115']
10 79803833.0 ['M115']
11 79803833.0 ['M115']
12 82185997.5 ['M115']
13 82185997.5 ['M115']
14 83259749.0 ['M115']
15 83259749.0 ['M115']
16 83259749.0 ['M115']
17 83259749.0 ['M115']
18 83259749.0 ['M115']
19 83259749.0 ['M115']
20 83259749.0 ['M115']
21 83259749.0 ['M115']
22 83259749.0 ['M115']
23 83259749.0 ['M115']
24 83259749.0 ['M115']
25 83259749.0 ['M115']
26 83259749.0 ['M115']
27 83259749.0 ['M115']
28 83259749.0 ['M115']
29 83259749.0 ['M115']
30 83259749.0 ['M115']
31 83259749.0 ['M115']
32 83259749.0 ['M115']
33 83259749.0 ['M115']
34 83259749.0 ['M115']
35 83259749.0 ['M115']
36 85195139.5 ['M115']
37 85195139.5 ['M115']
38 85298403.5 ['M115']
39 85298403.5 ['M115']
40 85298403.5 ['M115']
41 85298403.5 ['M115']
42 93362732.5 ['M115']
43 93362732.5 ['M115']
44 93362732.5 ['M115']
45 93362732.5 ['M115']
46 93465996.5 ['M115']
47 93465996.5 ['M115']
48 93465996.5 ['M115']
49 93465996.5 ['M115']
